# JRE version: Java(TM) SE Runtime Environment (7.0_71-b14) (build 1.7.0_71-b14)
# Java VM: Java HotSpot(TM) 64-Bit Server VM (24.71-b01 mixed mode windows-amd64 compressed oops)
Heap
 PSYoungGen      total 233472K, used 70165K [0x00000000eaa80000, 0x0000000100000000, 0x0000000100000000)
  eden space 117248K, 46% used [0x00000000eaa80000,0x00000000edf5f850,0x00000000f1d00000)
  from space 116224K, 13% used [0x00000000f8e80000,0x00000000f9e25f20,0x0000000100000000)
  to   space 116224K, 0% used [0x00000000f1d00000,0x00000000f1d00000,0x00000000f8e80000)
 ParOldGen       total 696832K, used 548979K [0x00000000c0000000, 0x00000000ea880000, 0x00000000eaa80000)
  object space 696832K, 78% used [0x00000000c0000000,0x00000000e181ccb8,0x00000000ea880000)
 PSPermGen       total 21504K, used 5699K [0x00000000bae00000, 0x00000000bc300000, 0x00000000c0000000)
  object space 21504K, 26% used [0x00000000bae00000,0x00000000bb390d48,0x00000000bc300000)
GC Heap History (10 events):
Event: 22.062 GC heap before
{Heap before GC invocations=30 (full 3):
 PSYoungGen      total 233472K, used 188212K [0x00000000eaa80000, 0x0000000100000000, 0x0000000100000000)
  eden space 117248K, 100% used [0x00000000eaa80000,0x00000000f1d00000,0x00000000f1d00000)
  from space 116224K, 61% used [0x00000000f8e80000,0x00000000fd3cd1b8,0x0000000100000000)
  to   space 116224K, 0% used [0x00000000f1d00000,0x00000000f1d00000,0x00000000f8e80000)
 ParOldGen       total 496640K, used 425126K [0x00000000c0000000, 0x00000000de500000, 0x00000000eaa80000)
  object space 496640K, 85% used [0x00000000c0000000,0x00000000d9f29a48,0x00000000de500000)
 PSPermGen       total 21504K, used 5679K [0x00000000bae00000, 0x00000000bc300000, 0x00000000c0000000)
  object space 21504K, 26% used [0x00000000bae00000,0x00000000bb38be10,0x00000000bc300000)
Event: 22.199 GC heap after
Heap after GC invocations=30 (full 3):
 PSYoungGen      total 233472K, used 56351K [0x00000000eaa80000, 0x0000000100000000, 0x0000000100000000)
  eden space 117248K, 0% used [0x00000000eaa80000,0x00000000eaa80000,0x00000000f1d00000)
  from space 116224K, 48% used [0x00000000f1d00000,0x00000000f5407c30,0x00000000f8e80000)
  to   space 116224K, 0% used [0x00000000f8e80000,0x00000000f8e80000,0x0000000100000000)
 ParOldGen       total 496640K, used 459214K [0x00000000c0000000, 0x00000000de500000, 0x00000000eaa80000)
  object space 496640K, 92% used [0x00000000c0000000,0x00000000dc073b70,0x00000000de500000)
 PSPermGen       total 21504K, used 5679K [0x00000000bae00000, 0x00000000bc300000, 0x00000000c0000000)
  object space 21504K, 26% used [0x00000000bae00000,0x00000000bb38be10,0x00000000bc300000)
}
Event: 22.199 GC heap before
{Heap before GC invocations=31 (full 4):
 PSYoungGen      total 233472K, used 56351K [0x00000000eaa80000, 0x0000000100000000, 0x0000000100000000)
  eden space 117248K, 0% used [0x00000000eaa80000,0x00000000eaa80000,0x00000000f1d00000)
  from space 116224K, 48% used [0x00000000f1d00000,0x00000000f5407c30,0x00000000f8e80000)
  to   space 116224K, 0% used [0x00000000f8e80000,0x00000000f8e80000,0x0000000100000000)
 ParOldGen       total 496640K, used 459214K [0x00000000c0000000, 0x00000000de500000, 0x00000000eaa80000)
  object space 496640K, 92% used [0x00000000c0000000,0x00000000dc073b70,0x00000000de500000)
 PSPermGen       total 21504K, used 5679K [0x00000000bae00000, 0x00000000bc300000, 0x00000000c0000000)
  object space 21504K, 26% used [0x00000000bae00000,0x00000000bb38be10,0x00000000bc300000)
Event: 24.769 GC heap after
Heap after GC invocations=31 (full 4):
 PSYoungGen      total 233472K, used 17287K [0x00000000eaa80000, 0x0000000100000000, 0x0000000100000000)
  eden space 117248K, 0% used [0x00000000eaa80000,0x00000000eaa80000,0x00000000f1d00000)
  from space 116224K, 14% used [0x00000000f1d00000,0x00000000f2de1f20,0x00000000f8e80000)
  to   space 116224K, 0% used [0x00000000f8e80000,0x00000000f8e80000,0x0000000100000000)
 ParOldGen       total 696832K, used 496383K [0x00000000c0000000, 0x00000000ea880000, 0x00000000eaa80000)
  object space 696832K, 71% used [0x00000000c0000000,0x00000000de4bff30,0x00000000ea880000)
 PSPermGen       total 21504K, used 5679K [0x00000000bae00000, 0x00000000bc300000, 0x00000000c0000000)
  object space 21504K, 26% used [0x00000000bae00000,0x00000000bb38bd90,0x00000000bc300000)
}
Event: 25.063 GC heap before
{Heap before GC invocations=32 (full 4):
 PSYoungGen      total 233472K, used 134535K [0x00000000eaa80000, 0x0000000100000000, 0x0000000100000000)
  eden space 117248K, 100% used [0x00000000eaa80000,0x00000000f1d00000,0x00000000f1d00000)
  from space 116224K, 14% used [0x00000000f1d00000,0x00000000f2de1f20,0x00000000f8e80000)
  to   space 116224K, 0% used [0x00000000f8e80000,0x00000000f8e80000,0x0000000100000000)
 ParOldGen       total 696832K, used 496383K [0x00000000c0000000, 0x00000000ea880000, 0x00000000eaa80000)
  object space 696832K, 71% used [0x00000000c0000000,0x00000000de4bff30,0x00000000ea880000)
 PSPermGen       total 21504K, used 5679K [0x00000000bae00000, 0x00000000bc300000, 0x00000000c0000000)
  object space 21504K, 26% used [0x00000000bae00000,0x00000000bb38bf50,0x00000000bc300000)
Event: 25.259 GC heap after
Heap after GC invocations=32 (full 4):
 PSYoungGen      total 233472K, used 27749K [0x00000000eaa80000, 0x0000000100000000, 0x0000000100000000)
  eden space 117248K, 0% used [0x00000000eaa80000,0x00000000eaa80000,0x00000000f1d00000)
  from space 116224K, 23% used [0x00000000f8e80000,0x00000000fa9995a0,0x0000000100000000)
  to   space 116224K, 0% used [0x00000000f1d00000,0x00000000f1d00000,0x00000000f8e80000)
 ParOldGen       total 696832K, used 505547K [0x00000000c0000000, 0x00000000ea880000, 0x00000000eaa80000)
  object space 696832K, 72% used [0x00000000c0000000,0x00000000dedb2c80,0x00000000ea880000)
 PSPermGen       total 21504K, used 5679K [0x00000000bae00000, 0x00000000bc300000, 0x00000000c0000000)
  object space 21504K, 26% used [0x00000000bae00000,0x00000000bb38bf50,0x00000000bc300000)
}
Event: 25.636 GC heap before
{Heap before GC invocations=33 (full 4):
 PSYoungGen      total 233472K, used 144997K [0x00000000eaa80000, 0x0000000100000000, 0x0000000100000000)
  eden space 117248K, 100% used [0x00000000eaa80000,0x00000000f1d00000,0x00000000f1d00000)
  from space 116224K, 23% used [0x00000000f8e80000,0x00000000fa9995a0,0x0000000100000000)
  to   space 116224K, 0% used [0x00000000f1d00000,0x00000000f1d00000,0x00000000f8e80000)
 ParOldGen       total 696832K, used 505547K [0x00000000c0000000, 0x00000000ea880000, 0x00000000eaa80000)
  object space 696832K, 72% used [0x00000000c0000000,0x00000000dedb2c80,0x00000000ea880000)
 PSPermGen       total 21504K, used 5681K [0x00000000bae00000, 0x00000000bc300000, 0x00000000c0000000)
  object space 21504K, 26% used [0x00000000bae00000,0x00000000bb38c430,0x00000000bc300000)
Event: 25.720 GC heap after
Heap after GC invocations=33 (full 4):
 PSYoungGen      total 233472K, used 16767K [0x00000000eaa80000, 0x0000000100000000, 0x0000000100000000)
  eden space 117248K, 0% used [0x00000000eaa80000,0x00000000eaa80000,0x00000000f1d00000)
  from space 116224K, 14% used [0x00000000f1d00000,0x00000000f2d5feb0,0x00000000f8e80000)
  to   space 116224K, 0% used [0x00000000f8e80000,0x00000000f8e80000,0x0000000100000000)
 ParOldGen       total 696832K, used 532685K [0x00000000c0000000, 0x00000000ea880000, 0x00000000eaa80000)
  object space 696832K, 76% used [0x00000000c0000000,0x00000000e0833588,0x00000000ea880000)
 PSPermGen       total 21504K, used 5681K [0x00000000bae00000, 0x00000000bc300000, 0x00000000c0000000)
  object space 21504K, 26% used [0x00000000bae00000,0x00000000bb38c430,0x00000000bc300000)
}
Event: 26.097 GC heap before
{Heap before GC invocations=34 (full 4):
 PSYoungGen      total 233472K, used 134015K [0x00000000eaa80000, 0x0000000100000000, 0x0000000100000000)
  eden space 117248K, 100% used [0x00000000eaa80000,0x00000000f1d00000,0x00000000f1d00000)
  from space 116224K, 14% used [0x00000000f1d00000,0x00000000f2d5feb0,0x00000000f8e80000)
  to   space 116224K, 0% used [0x00000000f8e80000,0x00000000f8e80000,0x0000000100000000)
 ParOldGen       total 696832K, used 532685K [0x00000000c0000000, 0x00000000ea880000, 0x00000000eaa80000)
  object space 696832K, 76% used [0x00000000c0000000,0x00000000e0833588,0x00000000ea880000)
 PSPermGen       total 21504K, used 5681K [0x00000000bae00000, 0x00000000bc300000, 0x00000000c0000000)
  object space 21504K, 26% used [0x00000000bae00000,0x00000000bb38c5c8,0x00000000bc300000)
Event: 26.156 GC heap after
Heap after GC invocations=34 (full 4):
 PSYoungGen      total 233472K, used 16023K [0x00000000eaa80000, 0x0000000100000000, 0x0000000100000000)
  eden space 117248K, 0% used [0x00000000eaa80000,0x00000000eaa80000,0x00000000f1d00000)
  from space 116224K, 13% used [0x00000000f8e80000,0x00000000f9e25f20,0x0000000100000000)
  to   space 116224K, 0% used [0x00000000f1d00000,0x00000000f1d00000,0x00000000f8e80000)
 ParOldGen       total 696832K, used 548979K [0x00000000c0000000, 0x00000000ea880000, 0x00000000eaa80000)
  object space 696832K, 78% used [0x00000000c0000000,0x00000000e181ccb8,0x00000000ea880000)
 PSPermGen       total 21504K, used 5681K [0x00000000bae00000, 0x00000000bc300000, 0x00000000c0000000)
  object space 21504K, 26% used [0x00000000bae00000,0x00000000bb38c5c8,0x00000000bc300000)
}

