# JRE version: Java(TM) SE Runtime Environment (7.0_71-b14) (build 1.7.0_71-b14)
# Java VM: Java HotSpot(TM) 64-Bit Server VM (24.71-b01 mixed mode windows-amd64 compressed oops)
Heap
 PSYoungGen      total 233472K, used 105987K [0x00000000eaa80000, 0x0000000100000000, 0x0000000100000000)
  eden space 117248K, 90% used [0x00000000eaa80000,0x00000000f1200fe0,0x00000000f1d00000)
  from space 116224K, 0% used [0x00000000f1d00000,0x00000000f1d00000,0x00000000f8e80000)
  to   space 116224K, 0% used [0x00000000f8e80000,0x00000000f8e80000,0x0000000100000000)
 ParOldGen       total 493568K, used 493259K [0x00000000c0000000, 0x00000000de200000, 0x00000000eaa80000)
  object space 493568K, 99% used [0x00000000c0000000,0x00000000de1b2c10,0x00000000de200000)
 PSPermGen       total 21504K, used 5677K [0x00000000bae00000, 0x00000000bc300000, 0x00000000c0000000)
  object space 21504K, 26% used [0x00000000bae00000,0x00000000bb38b5c8,0x00000000bc300000)
GC Heap History (10 events):
Event: 22.837 GC heap before
{Heap before GC invocations=31 (full 4):
 PSYoungGen      total 233472K, used 49423K [0x00000000eaa80000, 0x0000000100000000, 0x0000000100000000)
  eden space 117248K, 0% used [0x00000000eaa80000,0x00000000eaa80000,0x00000000f1d00000)
  from space 116224K, 42% used [0x00000000f1d00000,0x00000000f4d43fd0,0x00000000f8e80000)
  to   space 116224K, 0% used [0x00000000f8e80000,0x00000000f8e80000,0x0000000100000000)
 ParOldGen       total 493568K, used 440801K [0x00000000c0000000, 0x00000000de200000, 0x00000000eaa80000)
  object space 493568K, 89% used [0x00000000c0000000,0x00000000dae785b8,0x00000000de200000)
 PSPermGen       total 21504K, used 5675K [0x00000000bae00000, 0x00000000bc300000, 0x00000000c0000000)
  object space 21504K, 26% used [0x00000000bae00000,0x00000000bb38af78,0x00000000bc300000)
Event: 24.883 GC heap after
Heap after GC invocations=31 (full 4):
 PSYoungGen      total 233472K, used 0K [0x00000000eaa80000, 0x0000000100000000, 0x0000000100000000)
  eden space 117248K, 0% used [0x00000000eaa80000,0x00000000eaa80000,0x00000000f1d00000)
  from space 116224K, 0% used [0x00000000f1d00000,0x00000000f1d00000,0x00000000f8e80000)
  to   space 116224K, 0% used [0x00000000f8e80000,0x00000000f8e80000,0x0000000100000000)
 ParOldGen       total 493568K, used 488013K [0x00000000c0000000, 0x00000000de200000, 0x00000000eaa80000)
  object space 493568K, 98% used [0x00000000c0000000,0x00000000ddc93418,0x00000000de200000)
 PSPermGen       total 21504K, used 5675K [0x00000000bae00000, 0x00000000bc300000, 0x00000000c0000000)
  object space 21504K, 26% used [0x00000000bae00000,0x00000000bb38aef8,0x00000000bc300000)
}
Event: 25.426 GC heap before
{Heap before GC invocations=32 (full 5):
 PSYoungGen      total 233472K, used 117248K [0x00000000eaa80000, 0x0000000100000000, 0x0000000100000000)
  eden space 117248K, 100% used [0x00000000eaa80000,0x00000000f1d00000,0x00000000f1d00000)
  from space 116224K, 0% used [0x00000000f1d00000,0x00000000f1d00000,0x00000000f8e80000)
  to   space 116224K, 0% used [0x00000000f8e80000,0x00000000f8e80000,0x0000000100000000)
 ParOldGen       total 493568K, used 488013K [0x00000000c0000000, 0x00000000de200000, 0x00000000eaa80000)
  object space 493568K, 98% used [0x00000000c0000000,0x00000000ddc93418,0x00000000de200000)
 PSPermGen       total 21504K, used 5675K [0x00000000bae00000, 0x00000000bc300000, 0x00000000c0000000)
  object space 21504K, 26% used [0x00000000bae00000,0x00000000bb38af18,0x00000000bc300000)
Event: 27.752 GC heap after
Heap after GC invocations=32 (full 5):
 PSYoungGen      total 233472K, used 13869K [0x00000000eaa80000, 0x0000000100000000, 0x0000000100000000)
  eden space 117248K, 11% used [0x00000000eaa80000,0x00000000eb80b478,0x00000000f1d00000)
  from space 116224K, 0% used [0x00000000f1d00000,0x00000000f1d00000,0x00000000f8e80000)
  to   space 116224K, 0% used [0x00000000f8e80000,0x00000000f8e80000,0x0000000100000000)
 ParOldGen       total 493568K, used 493485K [0x00000000c0000000, 0x00000000de200000, 0x00000000eaa80000)
  object space 493568K, 99% used [0x00000000c0000000,0x00000000de1eb7d8,0x00000000de200000)
 PSPermGen       total 21504K, used 5675K [0x00000000bae00000, 0x00000000bc300000, 0x00000000c0000000)
  object space 21504K, 26% used [0x00000000bae00000,0x00000000bb38af18,0x00000000bc300000)
}
Event: 28.013 GC heap before
{Heap before GC invocations=33 (full 6):
 PSYoungGen      total 233472K, used 117248K [0x00000000eaa80000, 0x0000000100000000, 0x0000000100000000)
  eden space 117248K, 100% used [0x00000000eaa80000,0x00000000f1d00000,0x00000000f1d00000)
  from space 116224K, 0% used [0x00000000f1d00000,0x00000000f1d00000,0x00000000f8e80000)
  to   space 116224K, 0% used [0x00000000f8e80000,0x00000000f8e80000,0x0000000100000000)
 ParOldGen       total 493568K, used 493485K [0x00000000c0000000, 0x00000000de200000, 0x00000000eaa80000)
  object space 493568K, 99% used [0x00000000c0000000,0x00000000de1eb7d8,0x00000000de200000)
 PSPermGen       total 21504K, used 5676K [0x00000000bae00000, 0x00000000bc300000, 0x00000000c0000000)
  object space 21504K, 26% used [0x00000000bae00000,0x00000000bb38b0d8,0x00000000bc300000)
Event: 29.301 GC heap after
Heap after GC invocations=33 (full 6):
 PSYoungGen      total 233472K, used 30374K [0x00000000eaa80000, 0x0000000100000000, 0x0000000100000000)
  eden space 117248K, 25% used [0x00000000eaa80000,0x00000000ec8299f0,0x00000000f1d00000)
  from space 116224K, 0% used [0x00000000f1d00000,0x00000000f1d00000,0x00000000f8e80000)
  to   space 116224K, 0% used [0x00000000f8e80000,0x00000000f8e80000,0x0000000100000000)
 ParOldGen       total 493568K, used 493259K [0x00000000c0000000, 0x00000000de200000, 0x00000000eaa80000)
  object space 493568K, 99% used [0x00000000c0000000,0x00000000de1b2c60,0x00000000de200000)
 PSPermGen       total 21504K, used 5676K [0x00000000bae00000, 0x00000000bc300000, 0x00000000c0000000)
  object space 21504K, 26% used [0x00000000bae00000,0x00000000bb38b0d8,0x00000000bc300000)
}
Event: 29.682 GC heap before
{Heap before GC invocations=34 (full 7):
 PSYoungGen      total 233472K, used 117248K [0x00000000eaa80000, 0x0000000100000000, 0x0000000100000000)
  eden space 117248K, 100% used [0x00000000eaa80000,0x00000000f1d00000,0x00000000f1d00000)
  from space 116224K, 0% used [0x00000000f1d00000,0x00000000f1d00000,0x00000000f8e80000)
  to   space 116224K, 0% used [0x00000000f8e80000,0x00000000f8e80000,0x0000000100000000)
 ParOldGen       total 493568K, used 493259K [0x00000000c0000000, 0x00000000de200000, 0x00000000eaa80000)
  object space 493568K, 99% used [0x00000000c0000000,0x00000000de1b2c60,0x00000000de200000)
 PSPermGen       total 21504K, used 5676K [0x00000000bae00000, 0x00000000bc300000, 0x00000000c0000000)
  object space 21504K, 26% used [0x00000000bae00000,0x00000000bb38b1b0,0x00000000bc300000)
Event: 31.027 GC heap after
Heap after GC invocations=34 (full 7):
 PSYoungGen      total 233472K, used 44872K [0x00000000eaa80000, 0x0000000100000000, 0x0000000100000000)
  eden space 117248K, 38% used [0x00000000eaa80000,0x00000000ed6520b0,0x00000000f1d00000)
  from space 116224K, 0% used [0x00000000f1d00000,0x00000000f1d00000,0x00000000f8e80000)
  to   space 116224K, 0% used [0x00000000f8e80000,0x00000000f8e80000,0x0000000100000000)
 ParOldGen       total 493568K, used 493259K [0x00000000c0000000, 0x00000000de200000, 0x00000000eaa80000)
  object space 493568K, 99% used [0x00000000c0000000,0x00000000de1b2c10,0x00000000de200000)
 PSPermGen       total 21504K, used 5676K [0x00000000bae00000, 0x00000000bc300000, 0x00000000c0000000)
  object space 21504K, 26% used [0x00000000bae00000,0x00000000bb38b1b0,0x00000000bc300000)
}
Event: 31.239 GC heap before
{Heap before GC invocations=35 (full 8):
 PSYoungGen      total 233472K, used 117248K [0x00000000eaa80000, 0x0000000100000000, 0x0000000100000000)
  eden space 117248K, 100% used [0x00000000eaa80000,0x00000000f1d00000,0x00000000f1d00000)
  from space 116224K, 0% used [0x00000000f1d00000,0x00000000f1d00000,0x00000000f8e80000)
  to   space 116224K, 0% used [0x00000000f8e80000,0x00000000f8e80000,0x0000000100000000)
 ParOldGen       total 493568K, used 493259K [0x00000000c0000000, 0x00000000de200000, 0x00000000eaa80000)
  object space 493568K, 99% used [0x00000000c0000000,0x00000000de1b2c10,0x00000000de200000)
 PSPermGen       total 21504K, used 5676K [0x00000000bae00000, 0x00000000bc300000, 0x00000000c0000000)
  object space 21504K, 26% used [0x00000000bae00000,0x00000000bb38b390,0x00000000bc300000)
Event: 32.362 GC heap after
Heap after GC invocations=35 (full 8):
 PSYoungGen      total 233472K, used 53605K [0x00000000eaa80000, 0x0000000100000000, 0x0000000100000000)
  eden space 117248K, 45% used [0x00000000eaa80000,0x00000000eded9798,0x00000000f1d00000)
  from space 116224K, 0% used [0x00000000f1d00000,0x00000000f1d00000,0x00000000f8e80000)
  to   space 116224K, 0% used [0x00000000f8e80000,0x00000000f8e80000,0x0000000100000000)
 ParOldGen       total 493568K, used 493259K [0x00000000c0000000, 0x00000000de200000, 0x00000000eaa80000)
  object space 493568K, 99% used [0x00000000c0000000,0x00000000de1b2c10,0x00000000de200000)
 PSPermGen       total 21504K, used 5676K [0x00000000bae00000, 0x00000000bc300000, 0x00000000c0000000)
  object space 21504K, 26% used [0x00000000bae00000,0x00000000bb38b390,0x00000000bc300000)
}

